<!DOCTYPE html>

<html>
  <head>
  <meta charset='utf-8'>
  <title>TestNG reports</title>

    <link type="text/css" href="testng-reports1.css" rel="stylesheet" id="ultra" />
    <link type="text/css" href="testng-reports.css" rel="stylesheet" id="retro" disabled="false"/>
    <script type="text/javascript" src="jquery.min.js"></script>
    <script type="text/javascript" src="testng-reports.js"></script>
    <script type="text/javascript" src="https://www.google.com/jsapi"></script>
    <script type='text/javascript'>
      google.load('visualization', '1', {packages:['table']});
      google.setOnLoadCallback(drawTable);
      var suiteTableInitFunctions = new Array();
      var suiteTableData = new Array();
    </script>
    <!--
      <script type="text/javascript" src="jquery-ui/js/jquery-ui-1.8.16.custom.min.js"></script>
     -->
  </head>

  <body>
    <div class="top-banner-root">
      <span class="top-banner-title-font">Test results</span>
      <button class="button" id="button">Switch Retro Theme</button> <!-- button -->
      <br/>
      <span class="top-banner-font-1">1 suite, 6 failed tests</span>
    </div> <!-- top-banner-root -->
    <div class="navigator-root">
      <div class="navigator-suite-header">
        <span>All suites</span>
        <a href="#" class="collapse-all-link" title="Collapse/expand all the suites">
          <img class="collapse-all-icon" src="collapseall.gif">
          </img> <!-- collapse-all-icon -->
        </a> <!-- collapse-all-link -->
      </div> <!-- navigator-suite-header -->
      <div class="suite">
        <div class="rounded-window">
          <div class="suite-header light-rounded-window-top">
            <a href="#" class="navigator-link" panel-name="suite-regression_suite">
              <span class="suite-name border-failed">regression suite</span>
            </a> <!-- navigator-link -->
          </div> <!-- suite-header light-rounded-window-top -->
          <div class="navigator-suite-content">
            <div class="suite-section-title">
              <span>Info</span>
            </div> <!-- suite-section-title -->
            <div class="suite-section-content">
              <ul>
                <li>
                  <a href="#" class="navigator-link " panel-name="test-xml-regression_suite">
                    <span>C:\Users\shita\IdeaProjects\orange-hrm\src\test\java\resources\runners\regression.xml</span>
                  </a> <!-- navigator-link  -->
                </li>
                <li>
                  <a href="#" class="navigator-link " panel-name="testlist-regression_suite">
                    <span class="test-stats">1 test</span>
                  </a> <!-- navigator-link  -->
                </li>
                <li>
                  <a href="#" class="navigator-link " panel-name="group-regression_suite">
                    <span>3 groups</span>
                  </a> <!-- navigator-link  -->
                </li>
                <li>
                  <a href="#" class="navigator-link " panel-name="times-regression_suite">
                    <span>Times</span>
                  </a> <!-- navigator-link  -->
                </li>
                <li>
                  <a href="#" class="navigator-link " panel-name="reporter-regression_suite">
                    <span>Reporter output</span>
                  </a> <!-- navigator-link  -->
                </li>
                <li>
                  <a href="#" class="navigator-link " panel-name="ignored-methods-regression_suite">
                    <span>Ignored methods</span>
                  </a> <!-- navigator-link  -->
                </li>
                <li>
                  <a href="#" class="navigator-link " panel-name="chronological-regression_suite">
                    <span>Chronological view</span>
                  </a> <!-- navigator-link  -->
                </li>
              </ul>
            </div> <!-- suite-section-content -->
            <div class="result-section">
              <div class="suite-section-title">
                <span>Results</span>
              </div> <!-- suite-section-title -->
              <div class="suite-section-content">
                <ul>
                  <li>
                    <span class="method-stats">7 methods, 6 failed,   1 passed</span>
                  </li>
                  <li>
                    <span class="method-list-title failed">Failed methods</span>
                    <span class="show-or-hide-methods failed">
                      <a href="#" panel-name="suite-regression_suite" class="hide-methods failed suite-regression_suite"> (hide)</a> <!-- hide-methods failed suite-regression_suite -->
                      <a href="#" panel-name="suite-regression_suite" class="show-methods failed suite-regression_suite"> (show)</a> <!-- show-methods failed suite-regression_suite -->
                    </span>
                    <div class="method-list-content failed suite-regression_suite">
                      <span>
                        <img width="3%" src="failed.png"/>
                        <a href="#" class="method navigator-link" panel-name="suite-regression_suite" title="com.orangehrmlive.demo.testsuite.UserTest" hash-for-method="adminShouldAddUserSuccessFully">adminShouldAddUserSuccessFully</a> <!-- method navigator-link -->
                      </span>
                      <br/>
                      <span>
                        <img width="3%" src="failed.png"/>
                        <a href="#" class="method navigator-link" panel-name="suite-regression_suite" title="com.orangehrmlive.demo.testsuite.UserTest" hash-for-method="searchTheUserCreatedAndVerifyIt">searchTheUserCreatedAndVerifyIt</a> <!-- method navigator-link -->
                      </span>
                      <br/>
                      <span>
                        <img width="3%" src="failed.png"/>
                        <a href="#" class="method navigator-link" panel-name="suite-regression_suite" title="com.orangehrmlive.demo.testsuite.UserTest" hash-for-method="verifyThatAdminShouldDeleteTheUserSuccessFully">verifyThatAdminShouldDeleteTheUserSuccessFully</a> <!-- method navigator-link -->
                      </span>
                      <br/>
                      <span>
                        <img width="3%" src="failed.png"/>
                        <a href="#" class="method navigator-link" panel-name="suite-regression_suite" title="com.orangehrmlive.demo.testsuite.LoginTest" hash-for-method="verifyThatTheLogoDisplayOnHomePage">verifyThatTheLogoDisplayOnHomePage</a> <!-- method navigator-link -->
                      </span>
                      <br/>
                      <span>
                        <img width="3%" src="failed.png"/>
                        <a href="#" class="method navigator-link" panel-name="suite-regression_suite" title="com.orangehrmlive.demo.testsuite.LoginTest" hash-for-method="verifyUserShouldLogOutSuccessFully">verifyUserShouldLogOutSuccessFully</a> <!-- method navigator-link -->
                      </span>
                      <br/>
                      <span>
                        <img width="3%" src="failed.png"/>
                        <a href="#" class="method navigator-link" panel-name="suite-regression_suite" title="com.orangehrmlive.demo.testsuite.LoginTest" hash-for-method="verifyUserShouldLoginSuccessFully">verifyUserShouldLoginSuccessFully</a> <!-- method navigator-link -->
                      </span>
                      <br/>
                    </div> <!-- method-list-content failed suite-regression_suite -->
                  </li>
                  <li>
                    <span class="method-list-title passed">Passed methods</span>
                    <span class="show-or-hide-methods passed">
                      <a href="#" panel-name="suite-regression_suite" class="hide-methods passed suite-regression_suite"> (hide)</a> <!-- hide-methods passed suite-regression_suite -->
                      <a href="#" panel-name="suite-regression_suite" class="show-methods passed suite-regression_suite"> (show)</a> <!-- show-methods passed suite-regression_suite -->
                    </span>
                    <div class="method-list-content passed suite-regression_suite">
                      <span>
                        <img width="3%" src="passed.png"/>
                        <a href="#" class="method navigator-link" panel-name="suite-regression_suite" title="com.orangehrmlive.demo.testsuite.UserTest" hash-for-method="searchTheDeletedUserAndVerifyTheMessageNoRecordFound">searchTheDeletedUserAndVerifyTheMessageNoRecordFound</a> <!-- method navigator-link -->
                      </span>
                      <br/>
                    </div> <!-- method-list-content passed suite-regression_suite -->
                  </li>
                </ul>
              </div> <!-- suite-section-content -->
            </div> <!-- result-section -->
          </div> <!-- navigator-suite-content -->
        </div> <!-- rounded-window -->
      </div> <!-- suite -->
    </div> <!-- navigator-root -->
    <div class="wrapper">
      <div class="main-panel-root">
        <div panel-name="suite-regression_suite" class="panel regression_suite">
          <div class="suite-regression_suite-class-failed">
            <div class="main-panel-header rounded-window-top">
              <img src="failed.png"/>
              <span class="class-name">com.orangehrmlive.demo.testsuite.UserTest</span>
            </div> <!-- main-panel-header rounded-window-top -->
            <div class="main-panel-content rounded-window-bottom">
              <div class="method">
                <div class="method-content">
                  <a name="adminShouldAddUserSuccessFully">
                  </a> <!-- adminShouldAddUserSuccessFully -->
                  <span class="method-name">adminShouldAddUserSuccessFully</span>
                  <div class="stack-trace">java.lang.AssertionError: The following asserts failed:
	Failed to save expected [Successfully Saved] but found []
	at com.orangehrmlive.demo.testsuite.UserTest.adminShouldAddUserSuccessFully(UserTest.java:43)
	at java.util.ArrayList.forEach(ArrayList.java:1249)
	at com.intellij.rt.testng.IDEARemoteTestNG.run(IDEARemoteTestNG.java:66)
	at com.intellij.rt.testng.RemoteTestNGStarter.main(RemoteTestNGStarter.java:109)
... Removed 26 stack frames
</div> <!-- stack-trace -->
                </div> <!-- method-content -->
              </div> <!-- method -->
              <div class="method">
                <div class="method-content">
                  <a name="searchTheUserCreatedAndVerifyIt">
                  </a> <!-- searchTheUserCreatedAndVerifyIt -->
                  <span class="method-name">searchTheUserCreatedAndVerifyIt</span>
                  <div class="stack-trace">org.openqa.selenium.NoSuchElementException: no such element: Unable to locate element: {&quot;method&quot;:&quot;xpath&quot;,&quot;selector&quot;:&quot;//div[@id=&apos;tableWrapper&apos;]//tbody[1]/tr/td[2]/a&quot;}
  (Session info: chrome=101.0.4951.54)
For documentation on this error, please visit: https://selenium.dev/exceptions/#no_such_element
Build info: version: &apos;4.1.4&apos;, revision: &apos;535d840ee2&apos;
System info: host: &apos;LAPTOP-B84FV6SC&apos;, ip: &apos;192.168.0.23&apos;, os.name: &apos;Windows 10&apos;, os.arch: &apos;amd64&apos;, os.version: &apos;10.0&apos;, java.version: &apos;1.8.0_121&apos;
Driver info: org.openqa.selenium.chrome.ChromeDriver
Command: [af7fe9467a74379afdf69c92062af20d, findElement {using=xpath, value=//div[@id=&apos;tableWrapper&apos;]//tbody[1]/tr/td[2]/a}]
Capabilities {acceptInsecureCerts: false, browserName: chrome, browserVersion: 101.0.4951.54, chrome: {chromedriverVersion: 101.0.4951.41 (93c720db8323..., userDataDir: C:\Users\shita\AppData\Loca...}, goog:chromeOptions: {debuggerAddress: localhost:54627}, javascriptEnabled: true, networkConnectionEnabled: false, pageLoadStrategy: normal, platform: WINDOWS, platformName: WINDOWS, proxy: Proxy(), se:cdp: ws://localhost:54627/devtoo..., se:cdpVersion: 101.0.4951.54, setWindowRect: true, strictFileInteractability: false, timeouts: {implicit: 0, pageLoad: 300000, script: 30000}, unhandledPromptBehavior: dismiss and notify, webauthn:extension:credBlob: true, webauthn:extension:largeBlob: true, webauthn:virtualAuthenticators: true}
Session ID: af7fe9467a74379afdf69c92062af20d
	at org.openqa.selenium.remote.codec.w3c.W3CHttpResponseCodec.createException(W3CHttpResponseCodec.java:200)
	at org.openqa.selenium.remote.codec.w3c.W3CHttpResponseCodec.decode(W3CHttpResponseCodec.java:133)
	at org.openqa.selenium.remote.codec.w3c.W3CHttpResponseCodec.decode(W3CHttpResponseCodec.java:53)
	at org.openqa.selenium.remote.HttpCommandExecutor.execute(HttpCommandExecutor.java:184)
	at org.openqa.selenium.remote.service.DriverCommandExecutor.invokeExecute(DriverCommandExecutor.java:167)
	at org.openqa.selenium.remote.service.DriverCommandExecutor.execute(DriverCommandExecutor.java:142)
	at org.openqa.selenium.remote.RemoteWebDriver.execute(RemoteWebDriver.java:567)
	at org.openqa.selenium.remote.ElementLocation$ElementFinder$2.findElement(ElementLocation.java:162)
	at org.openqa.selenium.remote.ElementLocation.findElement(ElementLocation.java:60)
	at org.openqa.selenium.remote.RemoteWebDriver.findElement(RemoteWebDriver.java:385)
	at org.openqa.selenium.remote.RemoteWebDriver.findElement(RemoteWebDriver.java:377)
	at org.openqa.selenium.support.pagefactory.DefaultElementLocator.findElement(DefaultElementLocator.java:70)
	at org.openqa.selenium.support.pagefactory.internal.LocatingElementHandler.invoke(LocatingElementHandler.java:39)
	at com.sun.proxy.$Proxy14.getText(Unknown Source)
	at com.orangehrmlive.demo.utility.Utility.getTextFromElement(Utility.java:67)
	at com.orangehrmlive.demo.pages.ViewSystemUserPage.getSearchResult(ViewSystemUserPage.java:85)
	at com.orangehrmlive.demo.testsuite.UserTest.searchTheUserCreatedAndVerifyIt(UserTest.java:59)
	at java.util.ArrayList.forEach(ArrayList.java:1249)
	at com.intellij.rt.testng.IDEARemoteTestNG.run(IDEARemoteTestNG.java:66)
	at com.intellij.rt.testng.RemoteTestNGStarter.main(RemoteTestNGStarter.java:109)
... Removed 28 stack frames
</div> <!-- stack-trace -->
                </div> <!-- method-content -->
              </div> <!-- method -->
              <div class="method">
                <div class="method-content">
                  <a name="verifyThatAdminShouldDeleteTheUserSuccessFully">
                  </a> <!-- verifyThatAdminShouldDeleteTheUserSuccessFully -->
                  <span class="method-name">verifyThatAdminShouldDeleteTheUserSuccessFully</span>
                  <div class="stack-trace">org.openqa.selenium.ElementNotInteractableException: element not interactable
  (Session info: chrome=101.0.4951.54)
Build info: version: &apos;4.1.4&apos;, revision: &apos;535d840ee2&apos;
System info: host: &apos;LAPTOP-B84FV6SC&apos;, ip: &apos;192.168.0.23&apos;, os.name: &apos;Windows 10&apos;, os.arch: &apos;amd64&apos;, os.version: &apos;10.0&apos;, java.version: &apos;1.8.0_121&apos;
Driver info: org.openqa.selenium.chrome.ChromeDriver
Command: [9043dfacb14f30e86e093e8e03bdec43, clickElement {id=7f6425c0-4e29-41c3-9389-18894d28cdf7}]
Capabilities {acceptInsecureCerts: false, browserName: chrome, browserVersion: 101.0.4951.54, chrome: {chromedriverVersion: 101.0.4951.41 (93c720db8323..., userDataDir: C:\Users\shita\AppData\Loca...}, goog:chromeOptions: {debuggerAddress: localhost:54650}, javascriptEnabled: true, networkConnectionEnabled: false, pageLoadStrategy: normal, platform: WINDOWS, platformName: WINDOWS, proxy: Proxy(), se:cdp: ws://localhost:54650/devtoo..., se:cdpVersion: 101.0.4951.54, setWindowRect: true, strictFileInteractability: false, timeouts: {implicit: 0, pageLoad: 300000, script: 30000}, unhandledPromptBehavior: dismiss and notify, webauthn:extension:credBlob: true, webauthn:extension:largeBlob: true, webauthn:virtualAuthenticators: true}
Element: [[ChromeDriver: chrome on WINDOWS (9043dfacb14f30e86e093e8e03bdec43)] -&gt; xpath: //input[@id=&apos;dialogDeleteBtn&apos;]]
Session ID: 9043dfacb14f30e86e093e8e03bdec43
	at org.openqa.selenium.remote.codec.w3c.W3CHttpResponseCodec.createException(W3CHttpResponseCodec.java:200)
	at org.openqa.selenium.remote.codec.w3c.W3CHttpResponseCodec.decode(W3CHttpResponseCodec.java:133)
	at org.openqa.selenium.remote.codec.w3c.W3CHttpResponseCodec.decode(W3CHttpResponseCodec.java:53)
	at org.openqa.selenium.remote.HttpCommandExecutor.execute(HttpCommandExecutor.java:184)
	at org.openqa.selenium.remote.service.DriverCommandExecutor.invokeExecute(DriverCommandExecutor.java:167)
	at org.openqa.selenium.remote.service.DriverCommandExecutor.execute(DriverCommandExecutor.java:142)
	at org.openqa.selenium.remote.RemoteWebDriver.execute(RemoteWebDriver.java:567)
	at org.openqa.selenium.remote.RemoteWebElement.execute(RemoteWebElement.java:251)
	at org.openqa.selenium.remote.RemoteWebElement.click(RemoteWebElement.java:77)
	at org.openqa.selenium.support.pagefactory.internal.LocatingElementHandler.invoke(LocatingElementHandler.java:52)
	at com.sun.proxy.$Proxy14.click(Unknown Source)
	at com.orangehrmlive.demo.utility.Utility.clickOnElement(Utility.java:56)
	at com.orangehrmlive.demo.pages.ViewSystemUserPage.setDeleteRecordDialogueBoxOK(ViewSystemUserPage.java:65)
	at com.orangehrmlive.demo.testsuite.UserTest.verifyThatAdminShouldDeleteTheUserSuccessFully(UserTest.java:82)
	at java.util.ArrayList.forEach(ArrayList.java:1249)
	at com.intellij.rt.testng.IDEARemoteTestNG.run(IDEARemoteTestNG.java:66)
	at com.intellij.rt.testng.RemoteTestNGStarter.main(RemoteTestNGStarter.java:109)
... Removed 31 stack frames
</div> <!-- stack-trace -->
                </div> <!-- method-content -->
              </div> <!-- method -->
            </div> <!-- main-panel-content rounded-window-bottom -->
          </div> <!-- suite-regression_suite-class-failed -->
          <div class="suite-regression_suite-class-failed">
            <div class="main-panel-header rounded-window-top">
              <img src="failed.png"/>
              <span class="class-name">com.orangehrmlive.demo.testsuite.LoginTest</span>
            </div> <!-- main-panel-header rounded-window-top -->
            <div class="main-panel-content rounded-window-bottom">
              <div class="method">
                <div class="method-content">
                  <a name="verifyThatTheLogoDisplayOnHomePage">
                  </a> <!-- verifyThatTheLogoDisplayOnHomePage -->
                  <span class="method-name">verifyThatTheLogoDisplayOnHomePage</span>
                  <div class="stack-trace">org.openqa.selenium.NoSuchElementException: no such element: Unable to locate element: {&quot;method&quot;:&quot;xpath&quot;,&quot;selector&quot;:&quot;//img[@src=&apos;/webres_627a00ea7b6888.19673531/themes/default/images/logo.png&apos;]&quot;}
  (Session info: chrome=101.0.4951.54)
For documentation on this error, please visit: https://selenium.dev/exceptions/#no_such_element
Build info: version: &apos;4.1.4&apos;, revision: &apos;535d840ee2&apos;
System info: host: &apos;LAPTOP-B84FV6SC&apos;, ip: &apos;192.168.0.23&apos;, os.name: &apos;Windows 10&apos;, os.arch: &apos;amd64&apos;, os.version: &apos;10.0&apos;, java.version: &apos;1.8.0_121&apos;
Driver info: org.openqa.selenium.chrome.ChromeDriver
Command: [e8273b70a8a19a1fcae051cf9c6bfa1d, findElement {using=xpath, value=//img[@src=&apos;/webres_627a00ea7b6888.19673531/themes/default/images/logo.png&apos;]}]
Capabilities {acceptInsecureCerts: false, browserName: chrome, browserVersion: 101.0.4951.54, chrome: {chromedriverVersion: 101.0.4951.41 (93c720db8323..., userDataDir: C:\Users\shita\AppData\Loca...}, goog:chromeOptions: {debuggerAddress: localhost:54481}, javascriptEnabled: true, networkConnectionEnabled: false, pageLoadStrategy: normal, platform: WINDOWS, platformName: WINDOWS, proxy: Proxy(), se:cdp: ws://localhost:54481/devtoo..., se:cdpVersion: 101.0.4951.54, setWindowRect: true, strictFileInteractability: false, timeouts: {implicit: 0, pageLoad: 300000, script: 30000}, unhandledPromptBehavior: dismiss and notify, webauthn:extension:credBlob: true, webauthn:extension:largeBlob: true, webauthn:virtualAuthenticators: true}
Session ID: e8273b70a8a19a1fcae051cf9c6bfa1d
	at org.openqa.selenium.remote.codec.w3c.W3CHttpResponseCodec.createException(W3CHttpResponseCodec.java:200)
	at org.openqa.selenium.remote.codec.w3c.W3CHttpResponseCodec.decode(W3CHttpResponseCodec.java:133)
	at org.openqa.selenium.remote.codec.w3c.W3CHttpResponseCodec.decode(W3CHttpResponseCodec.java:53)
	at org.openqa.selenium.remote.HttpCommandExecutor.execute(HttpCommandExecutor.java:184)
	at org.openqa.selenium.remote.service.DriverCommandExecutor.invokeExecute(DriverCommandExecutor.java:167)
	at org.openqa.selenium.remote.service.DriverCommandExecutor.execute(DriverCommandExecutor.java:142)
	at org.openqa.selenium.remote.RemoteWebDriver.execute(RemoteWebDriver.java:567)
	at org.openqa.selenium.remote.ElementLocation$ElementFinder$2.findElement(ElementLocation.java:162)
	at org.openqa.selenium.remote.ElementLocation.findElement(ElementLocation.java:60)
	at org.openqa.selenium.remote.RemoteWebDriver.findElement(RemoteWebDriver.java:385)
	at org.openqa.selenium.remote.RemoteWebDriver.findElement(RemoteWebDriver.java:377)
	at org.openqa.selenium.support.pagefactory.DefaultElementLocator.findElement(DefaultElementLocator.java:70)
	at org.openqa.selenium.support.pagefactory.internal.LocatingElementHandler.invoke(LocatingElementHandler.java:39)
	at com.sun.proxy.$Proxy14.getText(Unknown Source)
	at com.orangehrmlive.demo.utility.Utility.getTextFromElement(Utility.java:67)
	at com.orangehrmlive.demo.pages.Homepage.getTextStoreOrangeHrmLogo(Homepage.java:29)
	at com.orangehrmlive.demo.testsuite.LoginTest.verifyThatTheLogoDisplayOnHomePage(LoginTest.java:41)
	at java.util.ArrayList.forEach(ArrayList.java:1249)
	at com.intellij.rt.testng.IDEARemoteTestNG.run(IDEARemoteTestNG.java:66)
	at com.intellij.rt.testng.RemoteTestNGStarter.main(RemoteTestNGStarter.java:109)
... Removed 28 stack frames
</div> <!-- stack-trace -->
                </div> <!-- method-content -->
              </div> <!-- method -->
              <div class="method">
                <div class="method-content">
                  <a name="verifyUserShouldLogOutSuccessFully">
                  </a> <!-- verifyUserShouldLogOutSuccessFully -->
                  <span class="method-name">verifyUserShouldLogOutSuccessFully</span>
                  <div class="stack-trace">org.openqa.selenium.NoSuchElementException: no such element: Unable to locate element: {&quot;method&quot;:&quot;xpath&quot;,&quot;selector&quot;:&quot;//div[@id=&apos;logInPanelHeading&apos;]&quot;}
  (Session info: chrome=101.0.4951.54)
For documentation on this error, please visit: https://selenium.dev/exceptions/#no_such_element
Build info: version: &apos;4.1.4&apos;, revision: &apos;535d840ee2&apos;
System info: host: &apos;LAPTOP-B84FV6SC&apos;, ip: &apos;192.168.0.23&apos;, os.name: &apos;Windows 10&apos;, os.arch: &apos;amd64&apos;, os.version: &apos;10.0&apos;, java.version: &apos;1.8.0_121&apos;
Driver info: org.openqa.selenium.chrome.ChromeDriver
Command: [5cc5f5cb6bd2cccd33c55b594a6087ef, findElement {using=xpath, value=//div[@id=&apos;logInPanelHeading&apos;]}]
Capabilities {acceptInsecureCerts: false, browserName: chrome, browserVersion: 101.0.4951.54, chrome: {chromedriverVersion: 101.0.4951.41 (93c720db8323..., userDataDir: C:\Users\shita\AppData\Loca...}, goog:chromeOptions: {debuggerAddress: localhost:54504}, javascriptEnabled: true, networkConnectionEnabled: false, pageLoadStrategy: normal, platform: WINDOWS, platformName: WINDOWS, proxy: Proxy(), se:cdp: ws://localhost:54504/devtoo..., se:cdpVersion: 101.0.4951.54, setWindowRect: true, strictFileInteractability: false, timeouts: {implicit: 0, pageLoad: 300000, script: 30000}, unhandledPromptBehavior: dismiss and notify, webauthn:extension:credBlob: true, webauthn:extension:largeBlob: true, webauthn:virtualAuthenticators: true}
Session ID: 5cc5f5cb6bd2cccd33c55b594a6087ef
	at org.openqa.selenium.remote.codec.w3c.W3CHttpResponseCodec.createException(W3CHttpResponseCodec.java:200)
	at org.openqa.selenium.remote.codec.w3c.W3CHttpResponseCodec.decode(W3CHttpResponseCodec.java:133)
	at org.openqa.selenium.remote.codec.w3c.W3CHttpResponseCodec.decode(W3CHttpResponseCodec.java:53)
	at org.openqa.selenium.remote.HttpCommandExecutor.execute(HttpCommandExecutor.java:184)
	at org.openqa.selenium.remote.service.DriverCommandExecutor.invokeExecute(DriverCommandExecutor.java:167)
	at org.openqa.selenium.remote.service.DriverCommandExecutor.execute(DriverCommandExecutor.java:142)
	at org.openqa.selenium.remote.RemoteWebDriver.execute(RemoteWebDriver.java:567)
	at org.openqa.selenium.remote.ElementLocation$ElementFinder$2.findElement(ElementLocation.java:162)
	at org.openqa.selenium.remote.ElementLocation.findElement(ElementLocation.java:60)
	at org.openqa.selenium.remote.RemoteWebDriver.findElement(RemoteWebDriver.java:385)
	at org.openqa.selenium.remote.RemoteWebDriver.findElement(RemoteWebDriver.java:377)
	at org.openqa.selenium.support.pagefactory.DefaultElementLocator.findElement(DefaultElementLocator.java:70)
	at org.openqa.selenium.support.pagefactory.internal.LocatingElementHandler.invoke(LocatingElementHandler.java:39)
	at com.sun.proxy.$Proxy14.getText(Unknown Source)
	at com.orangehrmlive.demo.utility.Utility.getTextFromElement(Utility.java:67)
	at com.orangehrmlive.demo.pages.LoginPage.getTextLogInPanel(LoginPage.java:38)
	at com.orangehrmlive.demo.testsuite.LoginTest.verifyUserShouldLogOutSuccessFully(LoginTest.java:51)
	at java.util.ArrayList.forEach(ArrayList.java:1249)
	at com.intellij.rt.testng.IDEARemoteTestNG.run(IDEARemoteTestNG.java:66)
	at com.intellij.rt.testng.RemoteTestNGStarter.main(RemoteTestNGStarter.java:109)
... Removed 28 stack frames
</div> <!-- stack-trace -->
                </div> <!-- method-content -->
              </div> <!-- method -->
              <div class="method">
                <div class="method-content">
                  <a name="verifyUserShouldLoginSuccessFully">
                  </a> <!-- verifyUserShouldLoginSuccessFully -->
                  <span class="method-name">verifyUserShouldLoginSuccessFully</span>
                  <div class="stack-trace">java.lang.AssertionError: The following asserts failed:
	Failed to login expected [Welcome Paul] but found [Welcome Opal]
	at com.orangehrmlive.demo.testsuite.LoginTest.verifyUserShouldLoginSuccessFully(LoginTest.java:32)
	at java.util.ArrayList.forEach(ArrayList.java:1249)
	at com.intellij.rt.testng.IDEARemoteTestNG.run(IDEARemoteTestNG.java:66)
	at com.intellij.rt.testng.RemoteTestNGStarter.main(RemoteTestNGStarter.java:109)
... Removed 26 stack frames
</div> <!-- stack-trace -->
                </div> <!-- method-content -->
              </div> <!-- method -->
            </div> <!-- main-panel-content rounded-window-bottom -->
          </div> <!-- suite-regression_suite-class-failed -->
          <div class="suite-regression_suite-class-passed">
            <div class="main-panel-header rounded-window-top">
              <img src="passed.png"/>
              <span class="class-name">com.orangehrmlive.demo.testsuite.UserTest</span>
            </div> <!-- main-panel-header rounded-window-top -->
            <div class="main-panel-content rounded-window-bottom">
              <div class="method">
                <div class="method-content">
                  <a name="searchTheDeletedUserAndVerifyTheMessageNoRecordFound">
                  </a> <!-- searchTheDeletedUserAndVerifyTheMessageNoRecordFound -->
                  <span class="method-name">searchTheDeletedUserAndVerifyTheMessageNoRecordFound</span>
                </div> <!-- method-content -->
              </div> <!-- method -->
            </div> <!-- main-panel-content rounded-window-bottom -->
          </div> <!-- suite-regression_suite-class-passed -->
        </div> <!-- panel regression_suite -->
        <div panel-name="test-xml-regression_suite" class="panel">
          <div class="main-panel-header rounded-window-top">
            <span class="header-content">C:\Users\shita\IdeaProjects\orange-hrm\src\test\java\resources\runners\regression.xml</span>
          </div> <!-- main-panel-header rounded-window-top -->
          <div class="main-panel-content rounded-window-bottom">
            <pre>
&lt;?xml version=&quot;1.0&quot; encoding=&quot;UTF-8&quot;?&gt;
&lt;!DOCTYPE suite SYSTEM &quot;https://testng.org/testng-1.0.dtd&quot;&gt;
&lt;suite guice-stage=&quot;DEVELOPMENT&quot; name=&quot;regression suite&quot;&gt;
  &lt;groups&gt;
    &lt;run&gt;
      &lt;include name=&quot;regression&quot;/&gt;
    &lt;/run&gt;
  &lt;/groups&gt;
  &lt;groups&gt;
    &lt;run&gt;
      &lt;include name=&quot;regression&quot;/&gt;
    &lt;/run&gt;
  &lt;/groups&gt;
  &lt;listeners&gt;
    &lt;listener class-name=&quot;com.orangehrmlive.demo.customlisteners.CustomListeners&quot;/&gt;
    &lt;listener class-name=&quot;org.uncommons.reportng.HTMLReporter&quot;/&gt;
    &lt;listener class-name=&quot;org.uncommons.reportng.JUnitXMLReporter&quot;/&gt;
  &lt;/listeners&gt;
  &lt;test thread-count=&quot;5&quot; name=&quot;regression&quot;&gt;
    &lt;classes&gt;
      &lt;class name=&quot;com.orangehrmlive.demo.testsuite.LoginTest&quot;/&gt;
      &lt;class name=&quot;com.orangehrmlive.demo.testsuite.UserTest&quot;/&gt;
    &lt;/classes&gt;
  &lt;/test&gt; &lt;!-- regression --&gt;
&lt;/suite&gt; &lt;!-- regression suite --&gt;
            </pre>
          </div> <!-- main-panel-content rounded-window-bottom -->
        </div> <!-- panel -->
        <div panel-name="testlist-regression_suite" class="panel">
          <div class="main-panel-header rounded-window-top">
            <span class="header-content">Tests for regression suite</span>
          </div> <!-- main-panel-header rounded-window-top -->
          <div class="main-panel-content rounded-window-bottom">
            <ul>
              <li>
                <span class="test-name">regression (2 classes)</span>
              </li>
            </ul>
          </div> <!-- main-panel-content rounded-window-bottom -->
        </div> <!-- panel -->
        <div panel-name="group-regression_suite" class="panel">
          <div class="main-panel-header rounded-window-top">
            <span class="header-content">Groups for regression suite</span>
          </div> <!-- main-panel-header rounded-window-top -->
          <div class="main-panel-content rounded-window-bottom">
            <div class="test-group">
              <span class="test-group-name">regression</span>
              <br/>
              <div class="method-in-group">
                <span class="method-in-group-name">adminShouldAddUserSuccessFully</span>
                <br/>
              </div> <!-- method-in-group -->
              <div class="method-in-group">
                <span class="method-in-group-name">searchTheDeletedUserAndVerifyTheMessageNoRecordFound</span>
                <br/>
              </div> <!-- method-in-group -->
              <div class="method-in-group">
                <span class="method-in-group-name">searchTheUserCreatedAndVerifyIt</span>
                <br/>
              </div> <!-- method-in-group -->
              <div class="method-in-group">
                <span class="method-in-group-name">verifyThatAdminShouldDeleteTheUserSuccessFully</span>
                <br/>
              </div> <!-- method-in-group -->
              <div class="method-in-group">
                <span class="method-in-group-name">verifyThatTheLogoDisplayOnHomePage</span>
                <br/>
              </div> <!-- method-in-group -->
              <div class="method-in-group">
                <span class="method-in-group-name">verifyUserShouldLogOutSuccessFully</span>
                <br/>
              </div> <!-- method-in-group -->
              <div class="method-in-group">
                <span class="method-in-group-name">verifyUserShouldLoginSuccessFully</span>
                <br/>
              </div> <!-- method-in-group -->
            </div> <!-- test-group -->
            <div class="test-group">
              <span class="test-group-name">sanity</span>
              <br/>
              <div class="method-in-group">
                <span class="method-in-group-name">adminShouldAddUserSuccessFully</span>
                <br/>
              </div> <!-- method-in-group -->
              <div class="method-in-group">
                <span class="method-in-group-name">searchTheUserCreatedAndVerifyIt</span>
                <br/>
              </div> <!-- method-in-group -->
              <div class="method-in-group">
                <span class="method-in-group-name">verifyThatTheLogoDisplayOnHomePage</span>
                <br/>
              </div> <!-- method-in-group -->
              <div class="method-in-group">
                <span class="method-in-group-name">verifyUserShouldLoginSuccessFully</span>
                <br/>
              </div> <!-- method-in-group -->
            </div> <!-- test-group -->
            <div class="test-group">
              <span class="test-group-name">smoke</span>
              <br/>
              <div class="method-in-group">
                <span class="method-in-group-name">searchTheUserCreatedAndVerifyIt</span>
                <br/>
              </div> <!-- method-in-group -->
              <div class="method-in-group">
                <span class="method-in-group-name">verifyThatTheLogoDisplayOnHomePage</span>
                <br/>
              </div> <!-- method-in-group -->
            </div> <!-- test-group -->
          </div> <!-- main-panel-content rounded-window-bottom -->
        </div> <!-- panel -->
        <div panel-name="times-regression_suite" class="panel">
          <div class="main-panel-header rounded-window-top">
            <span class="header-content">Times for regression suite</span>
          </div> <!-- main-panel-header rounded-window-top -->
          <div class="main-panel-content rounded-window-bottom">
            <div class="times-div">
              <script type="text/javascript">
suiteTableInitFunctions.push('tableData_regression_suite');
function tableData_regression_suite() {
var data = new google.visualization.DataTable();
data.addColumn('number', 'Number');
data.addColumn('string', 'Method');
data.addColumn('string', 'Class');
data.addColumn('number', 'Time (ms)');
data.addRows(7);
data.setCell(0, 0, 0)
data.setCell(0, 1, 'searchTheUserCreatedAndVerifyIt')
data.setCell(0, 2, 'com.orangehrmlive.demo.testsuite.UserTest')
data.setCell(0, 3, 45633);
data.setCell(1, 0, 1)
data.setCell(1, 1, 'verifyThatTheLogoDisplayOnHomePage')
data.setCell(1, 2, 'com.orangehrmlive.demo.testsuite.LoginTest')
data.setCell(1, 3, 43799);
data.setCell(2, 0, 2)
data.setCell(2, 1, 'verifyUserShouldLogOutSuccessFully')
data.setCell(2, 2, 'com.orangehrmlive.demo.testsuite.LoginTest')
data.setCell(2, 3, 42735);
data.setCell(3, 0, 3)
data.setCell(3, 1, 'verifyThatAdminShouldDeleteTheUserSuccessFully')
data.setCell(3, 2, 'com.orangehrmlive.demo.testsuite.UserTest')
data.setCell(3, 3, 29585);
data.setCell(4, 0, 4)
data.setCell(4, 1, 'adminShouldAddUserSuccessFully')
data.setCell(4, 2, 'com.orangehrmlive.demo.testsuite.UserTest')
data.setCell(4, 3, 6844);
data.setCell(5, 0, 5)
data.setCell(5, 1, 'searchTheDeletedUserAndVerifyTheMessageNoRecordFound')
data.setCell(5, 2, 'com.orangehrmlive.demo.testsuite.UserTest')
data.setCell(5, 3, 4556);
data.setCell(6, 0, 6)
data.setCell(6, 1, 'verifyUserShouldLoginSuccessFully')
data.setCell(6, 2, 'com.orangehrmlive.demo.testsuite.LoginTest')
data.setCell(6, 3, 3554);
window.suiteTableData['regression_suite']= { tableData: data, tableDiv: 'times-div-regression_suite'}
return data;
}
              </script>
              <span class="suite-total-time">Total running time: 2 minutes</span>
              <div id="times-div-regression_suite">
              </div> <!-- times-div-regression_suite -->
            </div> <!-- times-div -->
          </div> <!-- main-panel-content rounded-window-bottom -->
        </div> <!-- panel -->
        <div panel-name="reporter-regression_suite" class="panel">
          <div class="main-panel-header rounded-window-top">
            <span class="header-content">Reporter output for regression suite</span>
          </div> <!-- main-panel-header rounded-window-top -->
          <div class="main-panel-content rounded-window-bottom">
          </div> <!-- main-panel-content rounded-window-bottom -->
        </div> <!-- panel -->
        <div panel-name="ignored-methods-regression_suite" class="panel">
          <div class="main-panel-header rounded-window-top">
            <span class="header-content">0 ignored methods</span>
          </div> <!-- main-panel-header rounded-window-top -->
          <div class="main-panel-content rounded-window-bottom">
          </div> <!-- main-panel-content rounded-window-bottom -->
        </div> <!-- panel -->
        <div panel-name="chronological-regression_suite" class="panel">
          <div class="main-panel-header rounded-window-top">
            <span class="header-content">Methods in chronological order</span>
          </div> <!-- main-panel-header rounded-window-top -->
          <div class="main-panel-content rounded-window-bottom">
            <div class="chronological-class">
              <div class="chronological-class-name">com.orangehrmlive.demo.testsuite.LoginTest</div> <!-- chronological-class-name -->
              <div class="configuration-method before">
                <span class="method-name">setUp</span>
                <span class="method-start">0 ms</span>
              </div> <!-- configuration-method before -->
              <div class="configuration-method before">
                <span class="method-name">init</span>
                <span class="method-start">5668 ms</span>
              </div> <!-- configuration-method before -->
              <div class="test-method">
                <img src="failed.png">
                </img>
                <span class="method-name">verifyThatTheLogoDisplayOnHomePage</span>
                <span class="method-start">5685 ms</span>
              </div> <!-- test-method -->
              <div class="configuration-method after">
                <span class="method-name">tearDown</span>
                <span class="method-start">49655 ms</span>
              </div> <!-- configuration-method after -->
              <div class="configuration-method before">
                <span class="method-name">setUp</span>
                <span class="method-start">50292 ms</span>
              </div> <!-- configuration-method before -->
              <div class="configuration-method before">
                <span class="method-name">init</span>
                <span class="method-start">53743 ms</span>
              </div> <!-- configuration-method before -->
              <div class="test-method">
                <img src="failed.png">
                </img>
                <span class="method-name">verifyUserShouldLogOutSuccessFully</span>
                <span class="method-start">53746 ms</span>
              </div> <!-- test-method -->
              <div class="configuration-method after">
                <span class="method-name">tearDown</span>
                <span class="method-start">96630 ms</span>
              </div> <!-- configuration-method after -->
              <div class="configuration-method before">
                <span class="method-name">setUp</span>
                <span class="method-start">97223 ms</span>
              </div> <!-- configuration-method before -->
              <div class="configuration-method before">
                <span class="method-name">init</span>
                <span class="method-start">100910 ms</span>
              </div> <!-- configuration-method before -->
              <div class="test-method">
                <img src="failed.png">
                </img>
                <span class="method-name">verifyUserShouldLoginSuccessFully</span>
                <span class="method-start">100914 ms</span>
              </div> <!-- test-method -->
              <div class="configuration-method after">
                <span class="method-name">tearDown</span>
                <span class="method-start">104607 ms</span>
              </div> <!-- configuration-method after -->
            </div> <!-- chronological-class -->
            <div class="chronological-class">
              <div class="chronological-class-name">com.orangehrmlive.demo.testsuite.UserTest</div> <!-- chronological-class-name -->
              <div class="configuration-method before">
                <span class="method-name">setUp</span>
                <span class="method-start">105254 ms</span>
              </div> <!-- configuration-method before -->
              <div class="configuration-method before">
                <span class="method-name">init</span>
                <span class="method-start">108499 ms</span>
              </div> <!-- configuration-method before -->
              <div class="test-method">
                <img src="failed.png">
                </img>
                <span class="method-name">adminShouldAddUserSuccessFully</span>
                <span class="method-start">108502 ms</span>
              </div> <!-- test-method -->
              <div class="configuration-method after">
                <span class="method-name">tearDown</span>
                <span class="method-start">115481 ms</span>
              </div> <!-- configuration-method after -->
              <div class="configuration-method before">
                <span class="method-name">setUp</span>
                <span class="method-start">116108 ms</span>
              </div> <!-- configuration-method before -->
              <div class="configuration-method before">
                <span class="method-name">init</span>
                <span class="method-start">119561 ms</span>
              </div> <!-- configuration-method before -->
              <div class="test-method">
                <span class="method-name">searchTheDeletedUserAndVerifyTheMessageNoRecordFound</span>
                <span class="method-start">119565 ms</span>
              </div> <!-- test-method -->
              <div class="configuration-method after">
                <span class="method-name">tearDown</span>
                <span class="method-start">124122 ms</span>
              </div> <!-- configuration-method after -->
              <div class="configuration-method before">
                <span class="method-name">setUp</span>
                <span class="method-start">124730 ms</span>
              </div> <!-- configuration-method before -->
              <div class="configuration-method before">
                <span class="method-name">init</span>
                <span class="method-start">128263 ms</span>
              </div> <!-- configuration-method before -->
              <div class="test-method">
                <img src="failed.png">
                </img>
                <span class="method-name">searchTheUserCreatedAndVerifyIt</span>
                <span class="method-start">128266 ms</span>
              </div> <!-- test-method -->
              <div class="configuration-method after">
                <span class="method-name">tearDown</span>
                <span class="method-start">174033 ms</span>
              </div> <!-- configuration-method after -->
              <div class="configuration-method before">
                <span class="method-name">setUp</span>
                <span class="method-start">174633 ms</span>
              </div> <!-- configuration-method before -->
              <div class="configuration-method before">
                <span class="method-name">init</span>
                <span class="method-start">178011 ms</span>
              </div> <!-- configuration-method before -->
              <div class="test-method">
                <img src="failed.png">
                </img>
                <span class="method-name">verifyThatAdminShouldDeleteTheUserSuccessFully</span>
                <span class="method-start">178013 ms</span>
              </div> <!-- test-method -->
              <div class="configuration-method after">
                <span class="method-name">tearDown</span>
                <span class="method-start">207737 ms</span>
              </div> <!-- configuration-method after -->
          </div> <!-- main-panel-content rounded-window-bottom -->
        </div> <!-- panel -->
      </div> <!-- main-panel-root -->
    </div> <!-- wrapper -->
  </body>
<script type="text/javascript" src="testng-reports2.js"></script>
</html>
